# JRE version: OpenJDK Runtime Environment (11.0.12+7) (build 11.0.12+7-b1504.28-7817840)
# Java VM: OpenJDK 64-Bit Server VM (11.0.12+7-b1504.28-7817840, mixed mode, tiered, compressed oops, g1 gc, windows-amd64)
Heap:
 garbage-first heap   total 260096K, used 191156K [0x0000000080000000, 0x0000000100000000)
  region size 1024K, 72 young (73728K), 10 survivors (10240K)
 Metaspace       used 109848K, capacity 112551K, committed 112716K, reserved 1146880K
  class space    used 14104K, capacity 15111K, committed 15180K, reserved 1048576K
GC Heap History (20 events):
Event: 12.534 GC heap before
{Heap before GC invocations=10 (full 0):
 garbage-first heap   total 260096K, used 170908K [0x0000000080000000, 0x0000000100000000)
  region size 1024K, 93 young (95232K), 4 survivors (4096K)
 Metaspace       used 67861K, capacity 69730K, committed 69836K, reserved 1110016K
  class space    used 8712K, capacity 9335K, committed 9420K, reserved 1048576K
}
Event: 12.547 GC heap after
{Heap after GC invocations=11 (full 0):
 garbage-first heap   total 260096K, used 84103K [0x0000000080000000, 0x0000000100000000)
  region size 1024K, 8 young (8192K), 8 survivors (8192K)
 Metaspace       used 67861K, capacity 69730K, committed 69836K, reserved 1110016K
  class space    used 8712K, capacity 9335K, committed 9420K, reserved 1048576K
}
Event: 13.915 GC heap before
{Heap before GC invocations=12 (full 0):
 garbage-first heap   total 260096K, used 178311K [0x0000000080000000, 0x0000000100000000)
  region size 1024K, 100 young (102400K), 8 survivors (8192K)
 Metaspace       used 74608K, capacity 76659K, committed 76876K, reserved 1116160K
  class space    used 9726K, capacity 10447K, committed 10572K, reserved 1048576K
}
Event: 13.931 GC heap after
{Heap after GC invocations=13 (full 0):
 garbage-first heap   total 260096K, used 91073K [0x0000000080000000, 0x0000000100000000)
  region size 1024K, 13 young (13312K), 13 survivors (13312K)
 Metaspace       used 74608K, capacity 76659K, committed 76876K, reserved 1116160K
  class space    used 9726K, capacity 10447K, committed 10572K, reserved 1048576K
}
Event: 15.522 GC heap before
{Heap before GC invocations=13 (full 0):
 garbage-first heap   total 260096K, used 194497K [0x0000000080000000, 0x0000000100000000)
  region size 1024K, 105 young (107520K), 13 survivors (13312K)
 Metaspace       used 81411K, capacity 83532K, committed 83660K, reserved 1122304K
  class space    used 10657K, capacity 11431K, committed 11468K, reserved 1048576K
}
Event: 15.541 GC heap after
{Heap after GC invocations=14 (full 0):
 garbage-first heap   total 260096K, used 108863K [0x0000000080000000, 0x0000000100000000)
  region size 1024K, 14 young (14336K), 14 survivors (14336K)
 Metaspace       used 81411K, capacity 83532K, committed 83660K, reserved 1122304K
  class space    used 10657K, capacity 11431K, committed 11468K, reserved 1048576K
}
Event: 16.835 GC heap before
{Heap before GC invocations=14 (full 0):
 garbage-first heap   total 260096K, used 195903K [0x0000000080000000, 0x0000000100000000)
  region size 1024K, 99 young (101376K), 14 survivors (14336K)
 Metaspace       used 87234K, capacity 89419K, committed 89676K, reserved 1126400K
  class space    used 11473K, capacity 12274K, committed 12364K, reserved 1048576K
}
Event: 16.858 GC heap after
{Heap after GC invocations=15 (full 0):
 garbage-first heap   total 260096K, used 115127K [0x0000000080000000, 0x0000000100000000)
  region size 1024K, 6 young (6144K), 6 survivors (6144K)
 Metaspace       used 87234K, capacity 89419K, committed 89676K, reserved 1126400K
  class space    used 11473K, capacity 12274K, committed 12364K, reserved 1048576K
}
Event: 18.525 GC heap before
{Heap before GC invocations=15 (full 0):
 garbage-first heap   total 260096K, used 201143K [0x0000000080000000, 0x0000000100000000)
  region size 1024K, 90 young (92160K), 6 survivors (6144K)
 Metaspace       used 96646K, capacity 99057K, committed 99276K, reserved 1134592K
  class space    used 12624K, capacity 13425K, committed 13516K, reserved 1048576K
}
Event: 18.536 GC heap after
{Heap after GC invocations=16 (full 0):
 garbage-first heap   total 260096K, used 119295K [0x0000000080000000, 0x0000000100000000)
  region size 1024K, 10 young (10240K), 10 survivors (10240K)
 Metaspace       used 96646K, capacity 99057K, committed 99276K, reserved 1134592K
  class space    used 12624K, capacity 13425K, committed 13516K, reserved 1048576K
}
Event: 19.433 GC heap before
{Heap before GC invocations=16 (full 0):
 garbage-first heap   total 260096K, used 206335K [0x0000000080000000, 0x0000000100000000)
  region size 1024K, 94 young (96256K), 10 survivors (10240K)
 Metaspace       used 97743K, capacity 100166K, committed 100428K, reserved 1136640K
  class space    used 12766K, capacity 13624K, committed 13644K, reserved 1048576K
}
Event: 19.448 GC heap after
{Heap after GC invocations=17 (full 0):
 garbage-first heap   total 260096K, used 125539K [0x0000000080000000, 0x0000000100000000)
  region size 1024K, 10 young (10240K), 10 survivors (10240K)
 Metaspace       used 97743K, capacity 100166K, committed 100428K, reserved 1136640K
  class space    used 12766K, capacity 13624K, committed 13644K, reserved 1048576K
}
Event: 20.069 GC heap before
{Heap before GC invocations=17 (full 0):
 garbage-first heap   total 260096K, used 209507K [0x0000000080000000, 0x0000000100000000)
  region size 1024K, 92 young (94208K), 10 survivors (10240K)
 Metaspace       used 97749K, capacity 100166K, committed 100428K, reserved 1136640K
  class space    used 12766K, capacity 13624K, committed 13644K, reserved 1048576K
}
Event: 20.083 GC heap after
{Heap after GC invocations=18 (full 0):
 garbage-first heap   total 260096K, used 125400K [0x0000000080000000, 0x0000000100000000)
  region size 1024K, 4 young (4096K), 4 survivors (4096K)
 Metaspace       used 97749K, capacity 100166K, committed 100428K, reserved 1136640K
  class space    used 12766K, capacity 13624K, committed 13644K, reserved 1048576K
}
Event: 20.641 GC heap before
{Heap before GC invocations=18 (full 0):
 garbage-first heap   total 260096K, used 212440K [0x0000000080000000, 0x0000000100000000)
  region size 1024K, 89 young (91136K), 4 survivors (4096K)
 Metaspace       used 97767K, capacity 100230K, committed 100428K, reserved 1136640K
  class space    used 12767K, capacity 13624K, committed 13644K, reserved 1048576K
}
Event: 20.648 GC heap after
{Heap after GC invocations=19 (full 0):
 garbage-first heap   total 260096K, used 125641K [0x0000000080000000, 0x0000000100000000)
  region size 1024K, 5 young (5120K), 5 survivors (5120K)
 Metaspace       used 97767K, capacity 100230K, committed 100428K, reserved 1136640K
  class space    used 12767K, capacity 13624K, committed 13644K, reserved 1048576K
}
Event: 24.598 GC heap before
{Heap before GC invocations=20 (full 0):
 garbage-first heap   total 260096K, used 213705K [0x0000000080000000, 0x0000000100000000)
  region size 1024K, 91 young (93184K), 5 survivors (5120K)
 Metaspace       used 106947K, capacity 109528K, committed 109772K, reserved 1144832K
  class space    used 13854K, capacity 14784K, committed 14796K, reserved 1048576K
}
Event: 24.609 GC heap after
{Heap after GC invocations=21 (full 0):
 garbage-first heap   total 260096K, used 126179K [0x0000000080000000, 0x0000000100000000)
  region size 1024K, 7 young (7168K), 7 survivors (7168K)
 Metaspace       used 106947K, capacity 109528K, committed 109772K, reserved 1144832K
  class space    used 13854K, capacity 14784K, committed 14796K, reserved 1048576K
}
Event: 28.875 GC heap before
{Heap before GC invocations=21 (full 0):
 garbage-first heap   total 260096K, used 213219K [0x0000000080000000, 0x0000000100000000)
  region size 1024K, 93 young (95232K), 7 survivors (7168K)
 Metaspace       used 108241K, capacity 110846K, committed 111052K, reserved 1144832K
  class space    used 13929K, capacity 14918K, committed 15052K, reserved 1048576K
}
Event: 28.900 GC heap after
{Heap after GC invocations=22 (full 0):
 garbage-first heap   total 260096K, used 129716K [0x0000000080000000, 0x0000000100000000)
  region size 1024K, 10 young (10240K), 10 survivors (10240K)
 Metaspace       used 108241K, capacity 110846K, committed 111052K, reserved 1144832K
  class space    used 13929K, capacity 14918K, committed 15052K, reserved 1048576K
}

