# JRE version: OpenJDK Runtime Environment (11.0.12+7) (build 11.0.12+7-b1504.28-7817840)
# Java VM: OpenJDK 64-Bit Server VM (11.0.12+7-b1504.28-7817840, mixed mode, tiered, compressed oops, g1 gc, windows-amd64)
Heap:
 garbage-first heap   total 260096K, used 198795K [0x0000000080000000, 0x0000000100000000)
  region size 1024K, 39 young (39936K), 7 survivors (7168K)
 Metaspace       used 147717K, capacity 151072K, committed 151288K, reserved 1179648K
  class space    used 19165K, capacity 20376K, committed 20504K, reserved 1048576K
GC Heap History (20 events):
Event: 416.160 GC heap before
{Heap before GC invocations=22 (full 0):
 garbage-first heap   total 260096K, used 213811K [0x0000000080000000, 0x0000000100000000)
  region size 1024K, 86 young (88064K), 12 survivors (12288K)
 Metaspace       used 120191K, capacity 123284K, committed 123640K, reserved 1157120K
  class space    used 15451K, capacity 16541K, committed 16664K, reserved 1048576K
}
Event: 416.182 GC heap after
{Heap after GC invocations=23 (full 0):
 garbage-first heap   total 260096K, used 143299K [0x0000000080000000, 0x0000000100000000)
  region size 1024K, 5 young (5120K), 5 survivors (5120K)
 Metaspace       used 120191K, capacity 123284K, committed 123640K, reserved 1157120K
  class space    used 15451K, capacity 16541K, committed 16664K, reserved 1048576K
}
Event: 418.231 GC heap before
{Heap before GC invocations=24 (full 0):
 garbage-first heap   total 260096K, used 216003K [0x0000000080000000, 0x0000000100000000)
  region size 1024K, 77 young (78848K), 5 survivors (5120K)
 Metaspace       used 126824K, capacity 129985K, committed 130296K, reserved 1163264K
  class space    used 16229K, capacity 17361K, committed 17432K, reserved 1048576K
}
Event: 418.242 GC heap after
{Heap after GC invocations=25 (full 0):
 garbage-first heap   total 260096K, used 145923K [0x0000000080000000, 0x0000000100000000)
  region size 1024K, 8 young (8192K), 8 survivors (8192K)
 Metaspace       used 126824K, capacity 129985K, committed 130296K, reserved 1163264K
  class space    used 16229K, capacity 17361K, committed 17432K, reserved 1048576K
}
Event: 418.261 GC heap before
{Heap before GC invocations=25 (full 0):
 garbage-first heap   total 260096K, used 148995K [0x0000000080000000, 0x0000000100000000)
  region size 1024K, 12 young (12288K), 8 survivors (8192K)
 Metaspace       used 126824K, capacity 129985K, committed 130296K, reserved 1163264K
  class space    used 16229K, capacity 17361K, committed 17432K, reserved 1048576K
}
Event: 418.272 GC heap after
{Heap after GC invocations=26 (full 0):
 garbage-first heap   total 260096K, used 146858K [0x0000000080000000, 0x0000000100000000)
  region size 1024K, 2 young (2048K), 2 survivors (2048K)
 Metaspace       used 126824K, capacity 129985K, committed 130296K, reserved 1163264K
  class space    used 16229K, capacity 17361K, committed 17432K, reserved 1048576K
}
Event: 418.940 GC heap before
{Heap before GC invocations=26 (full 0):
 garbage-first heap   total 260096K, used 177578K [0x0000000080000000, 0x0000000100000000)
  region size 1024K, 33 young (33792K), 2 survivors (2048K)
 Metaspace       used 130177K, capacity 133388K, committed 133496K, reserved 1165312K
  class space    used 16670K, capacity 17789K, committed 17816K, reserved 1048576K
}
Event: 418.949 GC heap after
{Heap after GC invocations=27 (full 0):
 garbage-first heap   total 260096K, used 148610K [0x0000000080000000, 0x0000000100000000)
  region size 1024K, 4 young (4096K), 4 survivors (4096K)
 Metaspace       used 130177K, capacity 133388K, committed 133496K, reserved 1165312K
  class space    used 16670K, capacity 17789K, committed 17816K, reserved 1048576K
}
Event: 420.094 GC heap before
{Heap before GC invocations=28 (full 0):
 garbage-first heap   total 260096K, used 203906K [0x0000000080000000, 0x0000000100000000)
  region size 1024K, 57 young (58368K), 4 survivors (4096K)
 Metaspace       used 132808K, capacity 136146K, committed 136312K, reserved 1167360K
  class space    used 17018K, capacity 18214K, committed 18328K, reserved 1048576K
}
Event: 420.105 GC heap after
{Heap after GC invocations=29 (full 0):
 garbage-first heap   total 260096K, used 151411K [0x0000000080000000, 0x0000000100000000)
  region size 1024K, 7 young (7168K), 7 survivors (7168K)
 Metaspace       used 132808K, capacity 136146K, committed 136312K, reserved 1167360K
  class space    used 17018K, capacity 18214K, committed 18328K, reserved 1048576K
}
Event: 420.247 GC heap before
{Heap before GC invocations=29 (full 0):
 garbage-first heap   total 260096K, used 155507K [0x0000000080000000, 0x0000000100000000)
  region size 1024K, 12 young (12288K), 7 survivors (7168K)
 Metaspace       used 133760K, capacity 137081K, committed 137464K, reserved 1169408K
  class space    used 17135K, capacity 18311K, committed 18456K, reserved 1048576K
}
Event: 420.258 GC heap after
{Heap after GC invocations=30 (full 0):
 garbage-first heap   total 260096K, used 151444K [0x0000000080000000, 0x0000000100000000)
  region size 1024K, 1 young (1024K), 1 survivors (1024K)
 Metaspace       used 133760K, capacity 137081K, committed 137464K, reserved 1169408K
  class space    used 17135K, capacity 18311K, committed 18456K, reserved 1048576K
}
Event: 423.482 GC heap before
{Heap before GC invocations=30 (full 0):
 garbage-first heap   total 260096K, used 206740K [0x0000000080000000, 0x0000000100000000)
  region size 1024K, 55 young (56320K), 1 survivors (1024K)
 Metaspace       used 139700K, capacity 143066K, committed 143224K, reserved 1173504K
  class space    used 18096K, capacity 19297K, committed 19352K, reserved 1048576K
}
Event: 423.490 GC heap after
{Heap after GC invocations=31 (full 0):
 garbage-first heap   total 260096K, used 154765K [0x0000000080000000, 0x0000000100000000)
  region size 1024K, 5 young (5120K), 5 survivors (5120K)
 Metaspace       used 139700K, capacity 143066K, committed 143224K, reserved 1173504K
  class space    used 18096K, capacity 19297K, committed 19352K, reserved 1048576K
}
Event: 425.127 GC heap before
{Heap before GC invocations=32 (full 0):
 garbage-first heap   total 260096K, used 210061K [0x0000000080000000, 0x0000000100000000)
  region size 1024K, 59 young (60416K), 5 survivors (5120K)
 Metaspace       used 142042K, capacity 145295K, committed 145656K, reserved 1175552K
  class space    used 18414K, capacity 19586K, committed 19736K, reserved 1048576K
}
Event: 425.136 GC heap after
{Heap after GC invocations=33 (full 0):
 garbage-first heap   total 260096K, used 157941K [0x0000000080000000, 0x0000000100000000)
  region size 1024K, 8 young (8192K), 8 survivors (8192K)
 Metaspace       used 142042K, capacity 145295K, committed 145656K, reserved 1175552K
  class space    used 18414K, capacity 19586K, committed 19736K, reserved 1048576K
}
Event: 425.215 GC heap before
{Heap before GC invocations=33 (full 0):
 garbage-first heap   total 260096K, used 162037K [0x0000000080000000, 0x0000000100000000)
  region size 1024K, 12 young (12288K), 8 survivors (8192K)
 Metaspace       used 142525K, capacity 145807K, committed 145912K, reserved 1175552K
  class space    used 18479K, capacity 19650K, committed 19736K, reserved 1048576K
}
Event: 425.225 GC heap after
{Heap after GC invocations=34 (full 0):
 garbage-first heap   total 260096K, used 158237K [0x0000000080000000, 0x0000000100000000)
  region size 1024K, 2 young (2048K), 2 survivors (2048K)
 Metaspace       used 142525K, capacity 145807K, committed 145912K, reserved 1175552K
  class space    used 18479K, capacity 19650K, committed 19736K, reserved 1048576K
}
Event: 426.197 GC heap before
{Heap before GC invocations=34 (full 0):
 garbage-first heap   total 260096K, used 215581K [0x0000000080000000, 0x0000000100000000)
  region size 1024K, 56 young (57344K), 2 survivors (2048K)
 Metaspace       used 147441K, capacity 150816K, committed 151032K, reserved 1179648K
  class space    used 19157K, capacity 20376K, committed 20504K, reserved 1048576K
}
Event: 426.216 GC heap after
{Heap after GC invocations=35 (full 0):
 garbage-first heap   total 260096K, used 167051K [0x0000000080000000, 0x0000000100000000)
  region size 1024K, 7 young (7168K), 7 survivors (7168K)
 Metaspace       used 147441K, capacity 150816K, committed 151032K, reserved 1179648K
  class space    used 19157K, capacity 20376K, committed 20504K, reserved 1048576K
}

